Start testing: Jun 22 15:46 -03
----------------------------------------------------------
1/1 Testing: test_gr3dprm
1/1 Test: test_gr3dprm
Command: "/Users/oscarmojica/Desktop/interfacing_fortran_from_python/elaborate_example/_build/test/test_gr3dprm"
Directory: /Users/oscarmojica/Desktop/interfacing_fortran_from_python/elaborate_example/_build/test
"test_gr3dprm" start time: Jun 22 15:46 -03
Output:
----------------------------------------------------------
 -0.31634748436246107      -0.31634848618984629        1.0018273852163695E-006
 -0.39148263614339374      -0.39148382881503080        1.1926716370624924E-006
 -0.47363656575167695      -0.47363796193224783        1.3961805708784247E-006
 -0.54912494974250692      -0.54912653007739576        1.5803348888399071E-006
 -0.59615661521107244      -0.59615830942563319        1.6942145607545811E-006
 -0.59615661521107244      -0.59615830942564862        1.6942145761866811E-006
 -0.54912494974250692      -0.54912653007739376        1.5803348868415057E-006
 -0.47363656575167695      -0.47363796193224589        1.3961805689355344E-006
 -0.39148263614339374      -0.39148382881503291        1.1926716391719161E-006
 -0.31634748436246107      -0.31634848618980649        1.0018273454148741E-006
 -0.39148263614339673      -0.39148382881501925        1.1926716225185707E-006
 -0.50896279890363716      -0.50896428150934514        1.4826057079808663E-006
 -0.65310515853737372      -0.65310699015492879        1.8316175550703306E-006
 -0.80360645802684316      -0.80360865148297678        2.1934561336145464E-006
 -0.90778441785128861      -0.90778686169574019        2.4438444515828550E-006
 -0.90778441785128861      -0.90778686169573364        2.4438444450325392E-006
 -0.80360645802684316      -0.80360865148297700        2.1934561338365910E-006
 -0.65310515853737372      -0.65310699015493612        1.8316175623978026E-006
 -0.50896279890363716      -0.50896428150936024        1.4826057230798995E-006
 -0.39148263614339673      -0.39148382881503557        1.1926716388388492E-006
 -0.47363656575167434      -0.47363796193221946        1.3961805451212506E-006
 -0.65310515853737838      -0.65310699015493656        1.8316175581789551E-006
 -0.91084618226909608      -0.91084863386736437        2.4515982682826731E-006
  -1.2438031103495768       -1.2438063689909609        3.2586413840629547E-006
  -1.5250929370851716       -1.5250968857788276        3.9486936560528818E-006
  -1.5250929370851716       -1.5250968857788192        3.9486936476151868E-006
  -1.2438031103495768       -1.2438063689909586        3.2586413818425086E-006
 -0.91084618226909608      -0.91084863386735826        2.4515982621764465E-006
 -0.65310515853737838      -0.65310699015493456        1.8316175561805537E-006
 -0.47363656575167434      -0.47363796193225166        1.3961805773177183E-006
 -0.54912494974250814      -0.54912653007739298        1.5803348848431042E-006
 -0.80360645802684338      -0.80360865148297311        2.1934561297287658E-006
  -1.2438031103495710       -1.2438063689909507        3.2586413796220626E-006
  -2.0607214345665694       -2.0607267321645062        5.2975979367708703E-006
  -3.1605120992590123       -3.1605202375967183        8.1383377059651707E-006
  -3.1605120992590123       -3.1605202375967156        8.1383377033006354E-006
  -2.0607214345665694       -2.0607267321644893        5.2975979198954803E-006
  -1.2438031103495710       -1.2438063689909533        3.2586413822865978E-006
 -0.80360645802684338      -0.80360865148299720        2.1934561538206054E-006
 -0.54912494974250814      -0.54912653007739920        1.5803348910603532E-006
 -0.59615661521107910      -0.59615830942564085        1.6942145617537818E-006
 -0.90778441785128017      -0.90778686169573564        2.4438444554686356E-006
  -1.5250929370851880       -1.5250968857788290        3.9486936409538487E-006
  -3.1605120992590225       -3.1605202375967152        8.1383376926424944E-006
  -8.9962820287165037       -8.9959390319265324        3.4299678997129490E-004
  -8.9962820287165037       -8.9959390319265271        3.4299678997662397E-004
  -3.1605120992590225       -3.1605202375967174        8.1383376948629405E-006
  -1.5250929370851880       -1.5250968857788210        3.9486936329602429E-006
 -0.90778441785128017      -0.90778686169571587        2.4438444357066658E-006
 -0.59615661521107910      -0.59615830942563153        1.6942145524279084E-006
 -0.59615661521107643      -0.59615830942563275        1.6942145563136890E-006
 -0.90778441785129527      -0.90778686169573120        2.4438444359287104E-006
  -1.5250929370851809       -1.5250968857788210        3.9486936400656703E-006
  -3.1605120992589968       -3.1605202375967161        8.1383377192878470E-006
  -8.9962820287165073       -8.9959390319265307        3.4299678997662397E-004
  -8.9962820287165073       -8.9959390319265236        3.4299678998372940E-004
  -3.1605120992589968       -3.1605202375967179        8.1383377210642038E-006
  -1.5250929370851809       -1.5250968857788192        3.9486936382893134E-006
 -0.90778441785129527      -0.90778686169572242        2.4438444271579485E-006
 -0.59615661521107643      -0.59615830942563386        1.6942145574239120E-006
 -0.54912494974249926      -0.54912653007739920        1.5803348999421374E-006
 -0.80360645802684516      -0.80360865148298810        2.1934561429404198E-006
  -1.2438031103495724       -1.2438063689909560        3.2586413836188655E-006
  -2.0607214345665841       -2.0607267321644920        5.2975979079050717E-006
  -3.1605120992590061       -3.1605202375967183        8.1383377121824196E-006
  -3.1605120992590061       -3.1605202375967165        8.1383377104060628E-006
  -2.0607214345665841       -2.0607267321644880        5.2975979039082688E-006
  -1.2438031103495724       -1.2438063689909584        3.2586413860613561E-006
 -0.80360645802684516      -0.80360865148299043        2.1934561452718881E-006
 -0.54912494974249926      -0.54912653007740053        1.5803349012744050E-006
 -0.47363656575167301      -0.47363796193224339        1.3961805703788244E-006
 -0.65310515853738171      -0.65310699015494145        1.8316175597332673E-006
 -0.91084618226909275      -0.91084863386735848        2.4515982657291602E-006
  -1.2438031103495666       -1.2438063689909571        3.2586413905022482E-006
  -1.5250929370851860       -1.5250968857788150        3.9486936289634400E-006
  -1.5250929370851860       -1.5250968857788185        3.9486936325161537E-006
  -1.2438031103495666       -1.2438063689909615        3.2586413949431403E-006
 -0.91084618226909275      -0.91084863386736115        2.4515982683936954E-006
 -0.65310515853738171      -0.65310699015493512        1.8316175534049961E-006
 -0.47363656575167301      -0.47363796193223240        1.3961805593876164E-006
 -0.39148263614340073      -0.39148382881503330        1.1926716325660891E-006
 -0.50896279890364005      -0.50896428150935358        1.4826057135319815E-006
 -0.65310515853737872      -0.65310699015493756        1.8316175588450889E-006
 -0.80360645802684050      -0.80360865148299276        2.1934561522662932E-006
 -0.90778441785129360      -0.90778686169572786        2.4438444342633758E-006
 -0.90778441785129360      -0.90778686169572365        2.4438444300445283E-006
 -0.80360645802684050      -0.80360865148299332        2.1934561528214047E-006
 -0.65310515853737872      -0.65310699015493567        1.8316175569577098E-006
 -0.50896279890364005      -0.50896428150935258        1.4826057125327807E-006
 -0.39148263614340073      -0.39148382881503313        1.1926716323995556E-006
 -0.31634748436246185      -0.31634848618981298        1.0018273511325226E-006
 -0.39148263614339640      -0.39148382881503407        1.1926716376731150E-006
 -0.47363656575168189      -0.47363796193224217        1.3961805602757948E-006
 -0.54912494974250359      -0.54912653007739864        1.5803348950571561E-006
 -0.59615661521107743      -0.59615830942563819        1.6942145607545811E-006
 -0.59615661521107743      -0.59615830942563963        1.6942145621978710E-006
 -0.54912494974250359      -0.54912653007739787        1.5803348942800000E-006
 -0.47363656575168189      -0.47363796193223290        1.3961805510054326E-006
 -0.39148263614339640      -0.39148382881503774        1.1926716413368510E-006
 -0.31634748436246185      -0.31634848618981815        1.0018273562950597E-006
<end of output>
Test time =   0.50 sec
----------------------------------------------------------
Test Passed.
"test_gr3dprm" end time: Jun 22 15:46 -03
"test_gr3dprm" time elapsed: 00:00:00
----------------------------------------------------------

End testing: Jun 22 15:46 -03
